The system is: Windows - 10.0.19045 - AMD64
Compiling the C compiler identification source file "CMakeCCompilerId.c" succeeded.
Compiler: C:/MinGW/bin/gcc.exe 
Build flags: 
Id flags:  

The output was:
0


Compilation of the C compiler identification source "CMakeCCompilerId.c" produced "a.exe"

The C compiler identification is GNU, found in "D:/cpp/cmake-build-debug/CMakeFiles/3.16.5/CompilerIdC/a.exe"

Compiling the CXX compiler identification source file "CMakeCXXCompilerId.cpp" succeeded.
Compiler: C:/MinGW/bin/g++.exe 
Build flags: 
Id flags:  

The output was:
0


Compilation of the CXX compiler identification source "CMakeCXXCompilerId.cpp" produced "a.exe"

The CXX compiler identification is GNU, found in "D:/cpp/cmake-build-debug/CMakeFiles/3.16.5/CompilerIdCXX/a.exe"

Determining if the C compiler works passed with the following output:
Change Dir: D:/cpp/cmake-build-debug/CMakeFiles/CMakeTmp

Run Build Command(s):C:/MinGW/bin/mingw32-make.exe cmTC_98bf4/fast && C:/MinGW/bin/mingw32-make.exe -f CMakeFiles\cmTC_98bf4.dir\build.make CMakeFiles/cmTC_98bf4.dir/build
mingw32-make.exe[1]: Entering directory 'D:/cpp/cmake-build-debug/CMakeFiles/CMakeTmp'
Building C object CMakeFiles/cmTC_98bf4.dir/testCCompiler.c.obj
C:\MinGW\bin\gcc.exe    -o CMakeFiles\cmTC_98bf4.dir\testCCompiler.c.obj   -c D:\cpp\cmake-build-debug\CMakeFiles\CMakeTmp\testCCompiler.c
Linking C executable cmTC_98bf4.exe
"C:\Program Files\JetBrains\CLion 2020.1\bin\cmake\win\bin\cmake.exe" -E cmake_link_script CMakeFiles\cmTC_98bf4.dir\link.txt --verbose=1
"C:\Program Files\JetBrains\CLion 2020.1\bin\cmake\win\bin\cmake.exe" -E remove -f CMakeFiles\cmTC_98bf4.dir/objects.a
C:\MinGW\bin\ar.exe cr CMakeFiles\cmTC_98bf4.dir/objects.a @CMakeFiles\cmTC_98bf4.dir\objects1.rsp
C:\MinGW\bin\gcc.exe      -Wl,--whole-archive CMakeFiles\cmTC_98bf4.dir/objects.a -Wl,--no-whole-archive  -o cmTC_98bf4.exe -Wl,--out-implib,libcmTC_98bf4.dll.a -Wl,--major-image-version,0,--minor-image-version,0 @CMakeFiles\cmTC_98bf4.dir\linklibs.rsp
mingw32-make.exe[1]: Leaving directory 'D:/cpp/cmake-build-debug/CMakeFiles/CMakeTmp'



Determining if the CXX compiler works passed with the following output:
Change Dir: D:/cpp/cmake-build-debug/CMakeFiles/CMakeTmp

Run Build Command(s):C:/MinGW/bin/mingw32-make.exe cmTC_78dad/fast && C:/MinGW/bin/mingw32-make.exe -f CMakeFiles\cmTC_78dad.dir\build.make CMakeFiles/cmTC_78dad.dir/build
mingw32-make.exe[1]: Entering directory 'D:/cpp/cmake-build-debug/CMakeFiles/CMakeTmp'
Building CXX object CMakeFiles/cmTC_78dad.dir/testCXXCompiler.cxx.obj
C:\MinGW\bin\g++.exe     -o CMakeFiles\cmTC_78dad.dir\testCXXCompiler.cxx.obj -c D:\cpp\cmake-build-debug\CMakeFiles\CMakeTmp\testCXXCompiler.cxx
Linking CXX executable cmTC_78dad.exe
"C:\Program Files\JetBrains\CLion 2020.1\bin\cmake\win\bin\cmake.exe" -E cmake_link_script CMakeFiles\cmTC_78dad.dir\link.txt --verbose=1
"C:\Program Files\JetBrains\CLion 2020.1\bin\cmake\win\bin\cmake.exe" -E remove -f CMakeFiles\cmTC_78dad.dir/objects.a
C:\MinGW\bin\ar.exe cr CMakeFiles\cmTC_78dad.dir/objects.a @CMakeFiles\cmTC_78dad.dir\objects1.rsp
C:\MinGW\bin\g++.exe      -Wl,--whole-archive CMakeFiles\cmTC_78dad.dir/objects.a -Wl,--no-whole-archive  -o cmTC_78dad.exe -Wl,--out-implib,libcmTC_78dad.dll.a -Wl,--major-image-version,0,--minor-image-version,0 @CMakeFiles\cmTC_78dad.dir\linklibs.rsp
mingw32-make.exe[1]: Leaving directory 'D:/cpp/cmake-build-debug/CMakeFiles/CMakeTmp'



